<?xml version="1.0" encoding="UTF-8"?>
<!-- Generated by org.testng.reporters.JUnitReportReporter -->
<testsuite hostname="DESKTOP-3M83JTE" failures="0" tests="2" name="test.com.itexps.WorkFlowTest" time="5.220" errors="0" timestamp="19 Mar 2025 01:08:41 GMT">
  <testcase classname="test.com.itexps.WorkFlowTest" name="testLoginout" time="2.019"/>
  <testcase classname="test.com.itexps.WorkFlowTest" name="testLogin" time="3.201"/>
</testsuite> <!-- test.com.itexps.WorkFlowTest -->
